# JRE version: OpenJDK Runtime Environment Temurin-17.0.3+7 (17.0.3+7) (build 17.0.3+7)
# Java VM: OpenJDK 64-Bit Server VM Temurin-17.0.3+7 (17.0.3+7, mixed mode, emulated-client, tiered, compressed oops, compressed class ptrs, g1 gc, windows-amd64)
GC Precious Log:
 CPUs: 12 total, 12 available
 Memory: 16333M
 Large Page Support: Disabled
 NUMA Support: Disabled
 Compressed Oops: Enabled (Zero based)
 Heap Region Size: 2M
 Heap Min Capacity: 8M
 Heap Initial Capacity: 256M
 Heap Max Capacity: 4084M
 Pre-touch: Disabled
 Parallel Workers: 10
 Concurrent Workers: 3
 Concurrent Refinement Workers: 10
 Periodic GC: Disabled
Heap:
 garbage-first heap   total 262144K, used 77174K [0x0000000700c00000, 0x0000000800000000)
  region size 2048K, 5 young (10240K), 5 survivors (10240K)
 Metaspace       used 35288K, committed 35584K, reserved 1081344K
  class space    used 4595K, committed 4736K, reserved 1048576K
GC Heap History (20 events):
Event: 1.575 GC heap after
{Heap after GC invocations=5 (full 0):
 garbage-first heap   total 49152K, used 12623K [0x0000000700c00000, 0x0000000800000000)
  region size 2048K, 2 young (4096K), 2 survivors (4096K)
 Metaspace       used 25065K, committed 25344K, reserved 1073152K
  class space    used 3076K, committed 3200K, reserved 1048576K
}
Event: 1.632 GC heap before
{Heap before GC invocations=5 (full 0):
 garbage-first heap   total 49152K, used 14671K [0x0000000700c00000, 0x0000000800000000)
  region size 2048K, 3 young (6144K), 2 survivors (4096K)
 Metaspace       used 25637K, committed 25856K, reserved 1073152K
  class space    used 3147K, committed 3264K, reserved 1048576K
}
Event: 1.636 GC heap after
{Heap after GC invocations=6 (full 0):
 garbage-first heap   total 49152K, used 12674K [0x0000000700c00000, 0x0000000800000000)
  region size 2048K, 1 young (2048K), 1 survivors (2048K)
 Metaspace       used 25637K, committed 25856K, reserved 1073152K
  class space    used 3147K, committed 3264K, reserved 1048576K
}
Event: 1.843 GC heap before
{Heap before GC invocations=6 (full 0):
 garbage-first heap   total 49152K, used 29058K [0x0000000700c00000, 0x0000000800000000)
  region size 2048K, 9 young (18432K), 1 survivors (2048K)
 Metaspace       used 27804K, committed 28096K, reserved 1081344K
  class space    used 3476K, committed 3648K, reserved 1048576K
}
Event: 1.847 GC heap after
{Heap after GC invocations=7 (full 0):
 garbage-first heap   total 155648K, used 14212K [0x0000000700c00000, 0x0000000800000000)
  region size 2048K, 1 young (2048K), 1 survivors (2048K)
 Metaspace       used 27804K, committed 28096K, reserved 1081344K
  class space    used 3476K, committed 3648K, reserved 1048576K
}
Event: 2.414 GC heap before
{Heap before GC invocations=7 (full 0):
 garbage-first heap   total 155648K, used 104324K [0x0000000700c00000, 0x0000000800000000)
  region size 2048K, 45 young (92160K), 1 survivors (2048K)
 Metaspace       used 33571K, committed 33856K, reserved 1081344K
  class space    used 4276K, committed 4416K, reserved 1048576K
}
Event: 2.423 GC heap after
{Heap after GC invocations=8 (full 0):
 garbage-first heap   total 155648K, used 27738K [0x0000000700c00000, 0x0000000800000000)
  region size 2048K, 6 young (12288K), 6 survivors (12288K)
 Metaspace       used 33571K, committed 33856K, reserved 1081344K
  class space    used 4276K, committed 4416K, reserved 1048576K
}
Event: 2.544 GC heap before
{Heap before GC invocations=8 (full 0):
 garbage-first heap   total 155648K, used 91226K [0x0000000700c00000, 0x0000000800000000)
  region size 2048K, 37 young (75776K), 6 survivors (12288K)
 Metaspace       used 34584K, committed 34880K, reserved 1081344K
  class space    used 4482K, committed 4608K, reserved 1048576K
}
Event: 2.555 GC heap after
{Heap after GC invocations=9 (full 0):
 garbage-first heap   total 155648K, used 41419K [0x0000000700c00000, 0x0000000800000000)
  region size 2048K, 5 young (10240K), 5 survivors (10240K)
 Metaspace       used 34584K, committed 34880K, reserved 1081344K
  class space    used 4482K, committed 4608K, reserved 1048576K
}
Event: 2.909 GC heap before
{Heap before GC invocations=9 (full 0):
 garbage-first heap   total 155648K, used 94667K [0x0000000700c00000, 0x0000000800000000)
  region size 2048K, 32 young (65536K), 5 survivors (10240K)
 Metaspace       used 35176K, committed 35520K, reserved 1081344K
  class space    used 4581K, committed 4736K, reserved 1048576K
}
Event: 2.930 GC heap after
{Heap after GC invocations=10 (full 0):
 garbage-first heap   total 155648K, used 57004K [0x0000000700c00000, 0x0000000800000000)
  region size 2048K, 4 young (8192K), 4 survivors (8192K)
 Metaspace       used 35176K, committed 35520K, reserved 1081344K
  class space    used 4581K, committed 4736K, reserved 1048576K
}
Event: 2.947 GC heap before
{Heap before GC invocations=10 (full 0):
 garbage-first heap   total 155648K, used 102060K [0x0000000700c00000, 0x0000000800000000)
  region size 2048K, 27 young (55296K), 4 survivors (8192K)
 Metaspace       used 35208K, committed 35520K, reserved 1081344K
  class space    used 4589K, committed 4736K, reserved 1048576K
}
Event: 2.954 GC heap after
{Heap after GC invocations=11 (full 0):
 garbage-first heap   total 225280K, used 61240K [0x0000000700c00000, 0x0000000800000000)
  region size 2048K, 2 young (4096K), 2 survivors (4096K)
 Metaspace       used 35208K, committed 35520K, reserved 1081344K
  class space    used 4589K, committed 4736K, reserved 1048576K
}
Event: 2.980 GC heap before
{Heap before GC invocations=11 (full 0):
 garbage-first heap   total 225280K, used 155448K [0x0000000700c00000, 0x0000000800000000)
  region size 2048K, 49 young (100352K), 2 survivors (4096K)
 Metaspace       used 35288K, committed 35584K, reserved 1081344K
  class space    used 4595K, committed 4736K, reserved 1048576K
}
Event: 2.984 GC heap after
{Heap after GC invocations=12 (full 0):
 garbage-first heap   total 225280K, used 64553K [0x0000000700c00000, 0x0000000800000000)
  region size 2048K, 3 young (6144K), 3 survivors (6144K)
 Metaspace       used 35288K, committed 35584K, reserved 1081344K
  class space    used 4595K, committed 4736K, reserved 1048576K
}
Event: 2.999 GC heap before
{Heap before GC invocations=12 (full 0):
 garbage-first heap   total 225280K, used 162857K [0x0000000700c00000, 0x0000000800000000)
  region size 2048K, 52 young (106496K), 3 survivors (6144K)
 Metaspace       used 35288K, committed 35584K, reserved 1081344K
  class space    used 4595K, committed 4736K, reserved 1048576K
}
Event: 3.004 GC heap after
{Heap after GC invocations=13 (full 0):
 garbage-first heap   total 225280K, used 69202K [0x0000000700c00000, 0x0000000800000000)
  region size 2048K, 6 young (12288K), 6 survivors (12288K)
 Metaspace       used 35288K, committed 35584K, reserved 1081344K
  class space    used 4595K, committed 4736K, reserved 1048576K
}
Event: 3.023 GC heap before
{Heap before GC invocations=13 (full 0):
 garbage-first heap   total 225280K, used 167506K [0x0000000700c00000, 0x0000000800000000)
  region size 2048K, 55 young (112640K), 6 survivors (12288K)
 Metaspace       used 35288K, committed 35584K, reserved 1081344K
  class space    used 4595K, committed 4736K, reserved 1048576K
}
Event: 3.029 GC heap after
{Heap after GC invocations=14 (full 0):
 garbage-first heap   total 225280K, used 72544K [0x0000000700c00000, 0x0000000800000000)
  region size 2048K, 5 young (10240K), 5 survivors (10240K)
 Metaspace       used 35288K, committed 35584K, reserved 1081344K
  class space    used 4595K, committed 4736K, reserved 1048576K
}
Event: 3.045 GC heap before
{Heap before GC invocations=14 (full 0):
 garbage-first heap   total 225280K, used 170848K [0x0000000700c00000, 0x0000000800000000)
  region size 2048K, 54 young (110592K), 5 survivors (10240K)
 Metaspace       used 35288K, committed 35584K, reserved 1081344K
  class space    used 4595K, committed 4736K, reserved 1048576K
}

