# JRE version: OpenJDK Runtime Environment Temurin-17.0.3+7 (17.0.3+7) (build 17.0.3+7)
# Java VM: OpenJDK 64-Bit Server VM Temurin-17.0.3+7 (17.0.3+7, mixed mode, emulated-client, tiered, compressed oops, compressed class ptrs, g1 gc, windows-amd64)
GC Precious Log:
 CPUs: 12 total, 12 available
 Memory: 16333M
 Large Page Support: Disabled
 NUMA Support: Disabled
 Compressed Oops: Enabled (Zero based)
 Heap Region Size: 2M
 Heap Min Capacity: 8M
 Heap Initial Capacity: 256M
 Heap Max Capacity: 4084M
 Pre-touch: Disabled
 Parallel Workers: 10
 Concurrent Workers: 3
 Concurrent Refinement Workers: 10
 Periodic GC: Disabled
Heap:
 garbage-first heap   total 315392K, used 90827K [0x0000000700c00000, 0x0000000800000000)
  region size 2048K, 1 young (2048K), 0 survivors (0K)
 Metaspace       used 61154K, committed 61632K, reserved 1105920K
  class space    used 8194K, committed 8448K, reserved 1048576K
GC Heap History (20 events):
Event: 2754.643 GC heap before
{Heap before GC invocations=345 (full 230):
 garbage-first heap   total 315392K, used 90827K [0x0000000700c00000, 0x0000000800000000)
  region size 2048K, 1 young (2048K), 0 survivors (0K)
 Metaspace       used 61154K, committed 61632K, reserved 1105920K
  class space    used 8194K, committed 8448K, reserved 1048576K
}
Event: 2754.678 GC heap after
{Heap after GC invocations=346 (full 231):
 garbage-first heap   total 315392K, used 90827K [0x0000000700c00000, 0x0000000800000000)
  region size 2048K, 0 young (0K), 0 survivors (0K)
 Metaspace       used 61154K, committed 61632K, reserved 1105920K
  class space    used 8194K, committed 8448K, reserved 1048576K
}
Event: 2764.800 GC heap before
{Heap before GC invocations=346 (full 231):
 garbage-first heap   total 315392K, used 90827K [0x0000000700c00000, 0x0000000800000000)
  region size 2048K, 1 young (2048K), 0 survivors (0K)
 Metaspace       used 61154K, committed 61632K, reserved 1105920K
  class space    used 8194K, committed 8448K, reserved 1048576K
}
Event: 2764.837 GC heap after
{Heap after GC invocations=347 (full 232):
 garbage-first heap   total 315392K, used 90827K [0x0000000700c00000, 0x0000000800000000)
  region size 2048K, 0 young (0K), 0 survivors (0K)
 Metaspace       used 61154K, committed 61632K, reserved 1105920K
  class space    used 8194K, committed 8448K, reserved 1048576K
}
Event: 2774.966 GC heap before
{Heap before GC invocations=347 (full 232):
 garbage-first heap   total 315392K, used 90827K [0x0000000700c00000, 0x0000000800000000)
  region size 2048K, 1 young (2048K), 0 survivors (0K)
 Metaspace       used 61154K, committed 61632K, reserved 1105920K
  class space    used 8194K, committed 8448K, reserved 1048576K
}
Event: 2775.008 GC heap after
{Heap after GC invocations=348 (full 233):
 garbage-first heap   total 315392K, used 90827K [0x0000000700c00000, 0x0000000800000000)
  region size 2048K, 0 young (0K), 0 survivors (0K)
 Metaspace       used 61154K, committed 61632K, reserved 1105920K
  class space    used 8194K, committed 8448K, reserved 1048576K
}
Event: 2785.179 GC heap before
{Heap before GC invocations=348 (full 233):
 garbage-first heap   total 315392K, used 90827K [0x0000000700c00000, 0x0000000800000000)
  region size 2048K, 1 young (2048K), 0 survivors (0K)
 Metaspace       used 61154K, committed 61632K, reserved 1105920K
  class space    used 8194K, committed 8448K, reserved 1048576K
}
Event: 2785.228 GC heap after
{Heap after GC invocations=349 (full 234):
 garbage-first heap   total 315392K, used 90827K [0x0000000700c00000, 0x0000000800000000)
  region size 2048K, 0 young (0K), 0 survivors (0K)
 Metaspace       used 61154K, committed 61632K, reserved 1105920K
  class space    used 8194K, committed 8448K, reserved 1048576K
}
Event: 2795.404 GC heap before
{Heap before GC invocations=349 (full 234):
 garbage-first heap   total 315392K, used 90827K [0x0000000700c00000, 0x0000000800000000)
  region size 2048K, 1 young (2048K), 0 survivors (0K)
 Metaspace       used 61154K, committed 61632K, reserved 1105920K
  class space    used 8194K, committed 8448K, reserved 1048576K
}
Event: 2795.447 GC heap after
{Heap after GC invocations=350 (full 235):
 garbage-first heap   total 315392K, used 90827K [0x0000000700c00000, 0x0000000800000000)
  region size 2048K, 0 young (0K), 0 survivors (0K)
 Metaspace       used 61154K, committed 61632K, reserved 1105920K
  class space    used 8194K, committed 8448K, reserved 1048576K
}
Event: 2805.625 GC heap before
{Heap before GC invocations=350 (full 235):
 garbage-first heap   total 315392K, used 90827K [0x0000000700c00000, 0x0000000800000000)
  region size 2048K, 1 young (2048K), 0 survivors (0K)
 Metaspace       used 61154K, committed 61632K, reserved 1105920K
  class space    used 8194K, committed 8448K, reserved 1048576K
}
Event: 2805.673 GC heap after
{Heap after GC invocations=351 (full 236):
 garbage-first heap   total 315392K, used 90827K [0x0000000700c00000, 0x0000000800000000)
  region size 2048K, 0 young (0K), 0 survivors (0K)
 Metaspace       used 61154K, committed 61632K, reserved 1105920K
  class space    used 8194K, committed 8448K, reserved 1048576K
}
Event: 2815.858 GC heap before
{Heap before GC invocations=351 (full 236):
 garbage-first heap   total 315392K, used 90827K [0x0000000700c00000, 0x0000000800000000)
  region size 2048K, 1 young (2048K), 0 survivors (0K)
 Metaspace       used 61154K, committed 61632K, reserved 1105920K
  class space    used 8194K, committed 8448K, reserved 1048576K
}
Event: 2815.903 GC heap after
{Heap after GC invocations=352 (full 237):
 garbage-first heap   total 315392K, used 90827K [0x0000000700c00000, 0x0000000800000000)
  region size 2048K, 0 young (0K), 0 survivors (0K)
 Metaspace       used 61154K, committed 61632K, reserved 1105920K
  class space    used 8194K, committed 8448K, reserved 1048576K
}
Event: 2826.150 GC heap before
{Heap before GC invocations=352 (full 237):
 garbage-first heap   total 315392K, used 90827K [0x0000000700c00000, 0x0000000800000000)
  region size 2048K, 1 young (2048K), 0 survivors (0K)
 Metaspace       used 61154K, committed 61632K, reserved 1105920K
  class space    used 8194K, committed 8448K, reserved 1048576K
}
Event: 2826.218 GC heap after
{Heap after GC invocations=353 (full 238):
 garbage-first heap   total 315392K, used 90827K [0x0000000700c00000, 0x0000000800000000)
  region size 2048K, 0 young (0K), 0 survivors (0K)
 Metaspace       used 61154K, committed 61632K, reserved 1105920K
  class space    used 8194K, committed 8448K, reserved 1048576K
}
Event: 2836.389 GC heap before
{Heap before GC invocations=353 (full 238):
 garbage-first heap   total 315392K, used 90827K [0x0000000700c00000, 0x0000000800000000)
  region size 2048K, 1 young (2048K), 0 survivors (0K)
 Metaspace       used 61154K, committed 61632K, reserved 1105920K
  class space    used 8194K, committed 8448K, reserved 1048576K
}
Event: 2836.436 GC heap after
{Heap after GC invocations=354 (full 239):
 garbage-first heap   total 315392K, used 90827K [0x0000000700c00000, 0x0000000800000000)
  region size 2048K, 0 young (0K), 0 survivors (0K)
 Metaspace       used 61154K, committed 61632K, reserved 1105920K
  class space    used 8194K, committed 8448K, reserved 1048576K
}
Event: 2846.610 GC heap before
{Heap before GC invocations=354 (full 239):
 garbage-first heap   total 315392K, used 90827K [0x0000000700c00000, 0x0000000800000000)
  region size 2048K, 1 young (2048K), 0 survivors (0K)
 Metaspace       used 61154K, committed 61632K, reserved 1105920K
  class space    used 8194K, committed 8448K, reserved 1048576K
}
Event: 2846.657 GC heap after
{Heap after GC invocations=355 (full 240):
 garbage-first heap   total 315392K, used 90827K [0x0000000700c00000, 0x0000000800000000)
  region size 2048K, 0 young (0K), 0 survivors (0K)
 Metaspace       used 61154K, committed 61632K, reserved 1105920K
  class space    used 8194K, committed 8448K, reserved 1048576K
}

