# JRE version: OpenJDK Runtime Environment Temurin-17.0.3+7 (17.0.3+7) (build 17.0.3+7)
# Java VM: OpenJDK 64-Bit Server VM Temurin-17.0.3+7 (17.0.3+7, mixed mode, emulated-client, tiered, compressed oops, compressed class ptrs, g1 gc, windows-amd64)
GC Precious Log:
 CPUs: 12 total, 12 available
 Memory: 16333M
 Large Page Support: Disabled
 NUMA Support: Disabled
 Compressed Oops: Enabled (Zero based)
 Heap Region Size: 2M
 Heap Min Capacity: 8M
 Heap Initial Capacity: 256M
 Heap Max Capacity: 4084M
 Pre-touch: Disabled
 Parallel Workers: 10
 Concurrent Workers: 3
 Concurrent Refinement Workers: 10
 Periodic GC: Disabled
Heap:
 garbage-first heap   total 262144K, used 76902K [0x0000000700c00000, 0x0000000800000000)
  region size 2048K, 5 young (10240K), 5 survivors (10240K)
 Metaspace       used 35288K, committed 35584K, reserved 1081344K
  class space    used 4592K, committed 4736K, reserved 1048576K
GC Heap History (20 events):
Event: 1.554 GC heap after
{Heap after GC invocations=5 (full 0):
 garbage-first heap   total 49152K, used 12520K [0x0000000700c00000, 0x0000000800000000)
  region size 2048K, 2 young (4096K), 2 survivors (4096K)
 Metaspace       used 25002K, committed 25280K, reserved 1073152K
  class space    used 3061K, committed 3200K, reserved 1048576K
}
Event: 1.610 GC heap before
{Heap before GC invocations=5 (full 0):
 garbage-first heap   total 49152K, used 14568K [0x0000000700c00000, 0x0000000800000000)
  region size 2048K, 3 young (6144K), 2 survivors (4096K)
 Metaspace       used 25283K, committed 25472K, reserved 1073152K
  class space    used 3107K, committed 3200K, reserved 1048576K
}
Event: 1.614 GC heap after
{Heap after GC invocations=6 (full 0):
 garbage-first heap   total 49152K, used 12556K [0x0000000700c00000, 0x0000000800000000)
  region size 2048K, 1 young (2048K), 1 survivors (2048K)
 Metaspace       used 25283K, committed 25472K, reserved 1073152K
  class space    used 3107K, committed 3200K, reserved 1048576K
}
Event: 1.831 GC heap before
{Heap before GC invocations=6 (full 0):
 garbage-first heap   total 49152K, used 28940K [0x0000000700c00000, 0x0000000800000000)
  region size 2048K, 9 young (18432K), 1 survivors (2048K)
 Metaspace       used 27646K, committed 27904K, reserved 1073152K
  class space    used 3455K, committed 3584K, reserved 1048576K
}
Event: 1.835 GC heap after
{Heap after GC invocations=7 (full 0):
 garbage-first heap   total 155648K, used 14219K [0x0000000700c00000, 0x0000000800000000)
  region size 2048K, 2 young (4096K), 2 survivors (4096K)
 Metaspace       used 27646K, committed 27904K, reserved 1073152K
  class space    used 3455K, committed 3584K, reserved 1048576K
}
Event: 2.410 GC heap before
{Heap before GC invocations=7 (full 0):
 garbage-first heap   total 155648K, used 102283K [0x0000000700c00000, 0x0000000800000000)
  region size 2048K, 45 young (92160K), 2 survivors (4096K)
 Metaspace       used 33566K, committed 33856K, reserved 1081344K
  class space    used 4271K, committed 4416K, reserved 1048576K
}
Event: 2.419 GC heap after
{Heap after GC invocations=8 (full 0):
 garbage-first heap   total 155648K, used 27358K [0x0000000700c00000, 0x0000000800000000)
  region size 2048K, 6 young (12288K), 6 survivors (12288K)
 Metaspace       used 33566K, committed 33856K, reserved 1081344K
  class space    used 4271K, committed 4416K, reserved 1048576K
}
Event: 2.533 GC heap before
{Heap before GC invocations=8 (full 0):
 garbage-first heap   total 155648K, used 90846K [0x0000000700c00000, 0x0000000800000000)
  region size 2048K, 37 young (75776K), 6 survivors (12288K)
 Metaspace       used 34570K, committed 34880K, reserved 1081344K
  class space    used 4474K, committed 4608K, reserved 1048576K
}
Event: 2.544 GC heap after
{Heap after GC invocations=9 (full 0):
 garbage-first heap   total 155648K, used 40915K [0x0000000700c00000, 0x0000000800000000)
  region size 2048K, 5 young (10240K), 5 survivors (10240K)
 Metaspace       used 34570K, committed 34880K, reserved 1081344K
  class space    used 4474K, committed 4608K, reserved 1048576K
}
Event: 2.865 GC heap before
{Heap before GC invocations=9 (full 0):
 garbage-first heap   total 155648K, used 96211K [0x0000000700c00000, 0x0000000800000000)
  region size 2048K, 33 young (67584K), 5 survivors (10240K)
 Metaspace       used 35177K, committed 35520K, reserved 1081344K
  class space    used 4578K, committed 4736K, reserved 1048576K
}
Event: 2.884 GC heap after
{Heap after GC invocations=10 (full 0):
 garbage-first heap   total 155648K, used 57216K [0x0000000700c00000, 0x0000000800000000)
  region size 2048K, 5 young (10240K), 5 survivors (10240K)
 Metaspace       used 35177K, committed 35520K, reserved 1081344K
  class space    used 4578K, committed 4736K, reserved 1048576K
}
Event: 2.896 GC heap before
{Heap before GC invocations=10 (full 0):
 garbage-first heap   total 155648K, used 102272K [0x0000000700c00000, 0x0000000800000000)
  region size 2048K, 28 young (57344K), 5 survivors (10240K)
 Metaspace       used 35184K, committed 35520K, reserved 1081344K
  class space    used 4578K, committed 4736K, reserved 1048576K
}
Event: 2.905 GC heap after
{Heap after GC invocations=11 (full 0):
 garbage-first heap   total 227328K, used 61323K [0x0000000700c00000, 0x0000000800000000)
  region size 2048K, 2 young (4096K), 2 survivors (4096K)
 Metaspace       used 35184K, committed 35520K, reserved 1081344K
  class space    used 4578K, committed 4736K, reserved 1048576K
}
Event: 2.929 GC heap before
{Heap before GC invocations=11 (full 0):
 garbage-first heap   total 227328K, used 157579K [0x0000000700c00000, 0x0000000800000000)
  region size 2048K, 50 young (102400K), 2 survivors (4096K)
 Metaspace       used 35187K, committed 35520K, reserved 1081344K
  class space    used 4578K, committed 4736K, reserved 1048576K
}
Event: 2.933 GC heap after
{Heap after GC invocations=12 (full 0):
 garbage-first heap   total 227328K, used 64341K [0x0000000700c00000, 0x0000000800000000)
  region size 2048K, 3 young (6144K), 3 survivors (6144K)
 Metaspace       used 35187K, committed 35520K, reserved 1081344K
  class space    used 4578K, committed 4736K, reserved 1048576K
}
Event: 2.952 GC heap before
{Heap before GC invocations=12 (full 0):
 garbage-first heap   total 227328K, used 164693K [0x0000000700c00000, 0x0000000800000000)
  region size 2048K, 53 young (108544K), 3 survivors (6144K)
 Metaspace       used 35203K, committed 35520K, reserved 1081344K
  class space    used 4584K, committed 4736K, reserved 1048576K
}
Event: 2.957 GC heap after
{Heap after GC invocations=13 (full 0):
 garbage-first heap   total 227328K, used 68437K [0x0000000700c00000, 0x0000000800000000)
  region size 2048K, 5 young (10240K), 5 survivors (10240K)
 Metaspace       used 35203K, committed 35520K, reserved 1081344K
  class space    used 4584K, committed 4736K, reserved 1048576K
}
Event: 2.976 GC heap before
{Heap before GC invocations=13 (full 0):
 garbage-first heap   total 227328K, used 170837K [0x0000000700c00000, 0x0000000800000000)
  region size 2048K, 56 young (114688K), 5 survivors (10240K)
 Metaspace       used 35282K, committed 35584K, reserved 1081344K
  class space    used 4591K, committed 4736K, reserved 1048576K
}
Event: 2.983 GC heap after
{Heap after GC invocations=14 (full 0):
 garbage-first heap   total 227328K, used 72931K [0x0000000700c00000, 0x0000000800000000)
  region size 2048K, 5 young (10240K), 5 survivors (10240K)
 Metaspace       used 35282K, committed 35584K, reserved 1081344K
  class space    used 4591K, committed 4736K, reserved 1048576K
}
Event: 2.998 GC heap before
{Heap before GC invocations=14 (full 0):
 garbage-first heap   total 227328K, used 173283K [0x0000000700c00000, 0x0000000800000000)
  region size 2048K, 55 young (112640K), 5 survivors (10240K)
 Metaspace       used 35288K, committed 35584K, reserved 1081344K
  class space    used 4592K, committed 4736K, reserved 1048576K
}

