# JRE version: OpenJDK Runtime Environment Temurin-17.0.3+7 (17.0.3+7) (build 17.0.3+7)
# Java VM: OpenJDK 64-Bit Server VM Temurin-17.0.3+7 (17.0.3+7, mixed mode, emulated-client, tiered, compressed oops, compressed class ptrs, g1 gc, windows-amd64)
GC Precious Log:
 CPUs: 12 total, 12 available
 Memory: 16333M
 Large Page Support: Disabled
 NUMA Support: Disabled
 Compressed Oops: Enabled (Zero based)
 Heap Region Size: 2M
 Heap Min Capacity: 8M
 Heap Initial Capacity: 256M
 Heap Max Capacity: 4084M
 Pre-touch: Disabled
 Parallel Workers: 10
 Concurrent Workers: 3
 Concurrent Refinement Workers: 10
 Periodic GC: Disabled
Heap:
 garbage-first heap   total 262144K, used 75728K [0x0000000700c00000, 0x0000000800000000)
  region size 2048K, 5 young (10240K), 5 survivors (10240K)
 Metaspace       used 35294K, committed 35584K, reserved 1081344K
  class space    used 4597K, committed 4736K, reserved 1048576K
GC Heap History (20 events):
Event: 1.605 GC heap after
{Heap after GC invocations=5 (full 0):
 garbage-first heap   total 49152K, used 12603K [0x0000000700c00000, 0x0000000800000000)
  region size 2048K, 2 young (4096K), 2 survivors (4096K)
 Metaspace       used 25066K, committed 25344K, reserved 1073152K
  class space    used 3076K, committed 3200K, reserved 1048576K
}
Event: 1.669 GC heap before
{Heap before GC invocations=5 (full 0):
 garbage-first heap   total 49152K, used 14651K [0x0000000700c00000, 0x0000000800000000)
  region size 2048K, 3 young (6144K), 2 survivors (4096K)
 Metaspace       used 25665K, committed 25920K, reserved 1073152K
  class space    used 3149K, committed 3264K, reserved 1048576K
}
Event: 1.674 GC heap after
{Heap after GC invocations=6 (full 0):
 garbage-first heap   total 49152K, used 12869K [0x0000000700c00000, 0x0000000800000000)
  region size 2048K, 1 young (2048K), 1 survivors (2048K)
 Metaspace       used 25665K, committed 25920K, reserved 1073152K
  class space    used 3149K, committed 3264K, reserved 1048576K
}
Event: 1.937 GC heap before
{Heap before GC invocations=6 (full 0):
 garbage-first heap   total 49152K, used 29253K [0x0000000700c00000, 0x0000000800000000)
  region size 2048K, 9 young (18432K), 1 survivors (2048K)
 Metaspace       used 27855K, committed 28160K, reserved 1081344K
  class space    used 3481K, committed 3648K, reserved 1048576K
}
Event: 1.942 GC heap after
{Heap after GC invocations=7 (full 0):
 garbage-first heap   total 155648K, used 14398K [0x0000000700c00000, 0x0000000800000000)
  region size 2048K, 1 young (2048K), 1 survivors (2048K)
 Metaspace       used 27855K, committed 28160K, reserved 1081344K
  class space    used 3481K, committed 3648K, reserved 1048576K
}
Event: 2.571 GC heap before
{Heap before GC invocations=7 (full 0):
 garbage-first heap   total 155648K, used 102462K [0x0000000700c00000, 0x0000000800000000)
  region size 2048K, 45 young (92160K), 1 survivors (2048K)
 Metaspace       used 33641K, committed 33920K, reserved 1081344K
  class space    used 4287K, committed 4416K, reserved 1048576K
}
Event: 2.580 GC heap after
{Heap after GC invocations=8 (full 0):
 garbage-first heap   total 155648K, used 28085K [0x0000000700c00000, 0x0000000800000000)
  region size 2048K, 6 young (12288K), 6 survivors (12288K)
 Metaspace       used 33641K, committed 33920K, reserved 1081344K
  class space    used 4287K, committed 4416K, reserved 1048576K
}
Event: 2.702 GC heap before
{Heap before GC invocations=8 (full 0):
 garbage-first heap   total 155648K, used 91573K [0x0000000700c00000, 0x0000000800000000)
  region size 2048K, 37 young (75776K), 6 survivors (12288K)
 Metaspace       used 34778K, committed 35136K, reserved 1081344K
  class space    used 4515K, committed 4672K, reserved 1048576K
}
Event: 2.712 GC heap after
{Heap after GC invocations=9 (full 0):
 garbage-first heap   total 155648K, used 41331K [0x0000000700c00000, 0x0000000800000000)
  region size 2048K, 5 young (10240K), 5 survivors (10240K)
 Metaspace       used 34778K, committed 35136K, reserved 1081344K
  class space    used 4515K, committed 4672K, reserved 1048576K
}
Event: 3.073 GC heap before
{Heap before GC invocations=9 (full 0):
 garbage-first heap   total 155648K, used 94579K [0x0000000700c00000, 0x0000000800000000)
  region size 2048K, 32 young (65536K), 5 survivors (10240K)
 Metaspace       used 35183K, committed 35520K, reserved 1081344K
  class space    used 4584K, committed 4736K, reserved 1048576K
}
Event: 3.095 GC heap after
{Heap after GC invocations=10 (full 0):
 garbage-first heap   total 155648K, used 56721K [0x0000000700c00000, 0x0000000800000000)
  region size 2048K, 4 young (8192K), 4 survivors (8192K)
 Metaspace       used 35183K, committed 35520K, reserved 1081344K
  class space    used 4584K, committed 4736K, reserved 1048576K
}
Event: 3.108 GC heap before
{Heap before GC invocations=10 (full 0):
 garbage-first heap   total 155648K, used 101777K [0x0000000700c00000, 0x0000000800000000)
  region size 2048K, 27 young (55296K), 4 survivors (8192K)
 Metaspace       used 35190K, committed 35520K, reserved 1081344K
  class space    used 4584K, committed 4736K, reserved 1048576K
}
Event: 3.114 GC heap after
{Heap after GC invocations=11 (full 0):
 garbage-first heap   total 221184K, used 60488K [0x0000000700c00000, 0x0000000800000000)
  region size 2048K, 2 young (4096K), 2 survivors (4096K)
 Metaspace       used 35190K, committed 35520K, reserved 1081344K
  class space    used 4584K, committed 4736K, reserved 1048576K
}
Event: 3.140 GC heap before
{Heap before GC invocations=11 (full 0):
 garbage-first heap   total 221184K, used 152648K [0x0000000700c00000, 0x0000000800000000)
  region size 2048K, 48 young (98304K), 2 survivors (4096K)
 Metaspace       used 35205K, committed 35520K, reserved 1081344K
  class space    used 4586K, committed 4736K, reserved 1048576K
}
Event: 3.143 GC heap after
{Heap after GC invocations=12 (full 0):
 garbage-first heap   total 221184K, used 63775K [0x0000000700c00000, 0x0000000800000000)
  region size 2048K, 3 young (6144K), 3 survivors (6144K)
 Metaspace       used 35205K, committed 35520K, reserved 1081344K
  class space    used 4586K, committed 4736K, reserved 1048576K
}
Event: 3.161 GC heap before
{Heap before GC invocations=12 (full 0):
 garbage-first heap   total 221184K, used 160031K [0x0000000700c00000, 0x0000000800000000)
  region size 2048K, 51 young (104448K), 3 survivors (6144K)
 Metaspace       used 35293K, committed 35584K, reserved 1081344K
  class space    used 4597K, committed 4736K, reserved 1048576K
}
Event: 3.166 GC heap after
{Heap after GC invocations=13 (full 0):
 garbage-first heap   total 221184K, used 67880K [0x0000000700c00000, 0x0000000800000000)
  region size 2048K, 5 young (10240K), 5 survivors (10240K)
 Metaspace       used 35293K, committed 35584K, reserved 1081344K
  class space    used 4597K, committed 4736K, reserved 1048576K
}
Event: 3.181 GC heap before
{Heap before GC invocations=13 (full 0):
 garbage-first heap   total 221184K, used 164136K [0x0000000700c00000, 0x0000000800000000)
  region size 2048K, 53 young (108544K), 5 survivors (10240K)
 Metaspace       used 35293K, committed 35584K, reserved 1081344K
  class space    used 4597K, committed 4736K, reserved 1048576K
}
Event: 3.187 GC heap after
{Heap after GC invocations=14 (full 0):
 garbage-first heap   total 221184K, used 71687K [0x0000000700c00000, 0x0000000800000000)
  region size 2048K, 5 young (10240K), 5 survivors (10240K)
 Metaspace       used 35293K, committed 35584K, reserved 1081344K
  class space    used 4597K, committed 4736K, reserved 1048576K
}
Event: 3.201 GC heap before
{Heap before GC invocations=14 (full 0):
 garbage-first heap   total 221184K, used 167943K [0x0000000700c00000, 0x0000000800000000)
  region size 2048K, 53 young (108544K), 5 survivors (10240K)
 Metaspace       used 35294K, committed 35584K, reserved 1081344K
  class space    used 4597K, committed 4736K, reserved 1048576K
}

